<?xml version="1.0" encoding="UTF-8"?>
<!-- Generated by org.testng.reporters.JUnitXMLReporter -->
<testsuite ignored="0" hostname="MSI" failures="1" tests="2" name="Test" time="66.104" errors="0" timestamp="2023-08-17T12:32:57 IST">
  <testcase classname="com.w3schools.tests.LoginTest" name="loginWithInvalidEmail" time="53.296">
    <failure type="java.lang.AssertionError" message="expected [true] but found [false]">
      <![CDATA[java.lang.AssertionError: expected [true] but found [false]
at com.w3schools.tests.LoginTest.loginWithInvalidEmail(LoginTest.java:44)
at java.base/java.util.ArrayList.forEach(ArrayList.java:1511)
... Removed 31 stack frames]]>
    </failure>
  </testcase> <!-- loginWithInvalidEmail -->
  <testcase classname="com.w3schools.tests.LoginTest" name="loginWithValidCredentials" time="12.179"/>
</testsuite> <!-- Test -->
