<?xml version="1.0" encoding="UTF-8"?>
<testng-results ignored="0" total="1" passed="1" failed="0" skipped="0">
  <reporter-output>
  </reporter-output>
  <suite started-at="2023-08-18T11:05:21 IST" name="Suite" finished-at="2023-08-18T11:05:23 IST" duration-ms="2379">
    <groups>
    </groups>
    <test started-at="2023-08-18T11:05:21 IST" name="Test" finished-at="2023-08-18T11:05:23 IST" duration-ms="2379">
      <class name="com.w3schools.utils.Reports">
        <test-method is-config="true" signature="startReport()[pri:0, instance:com.w3schools.utils.Reports@cb0755b]" started-at="2023-08-18T11:05:20 IST" name="startReport" finished-at="2023-08-18T11:05:21 IST" duration-ms="338" status="PASS">
          <reporter-output>
          </reporter-output>
        </test-method> <!-- startReport -->
        <test-method is-config="true" signature="endReport()[pri:0, instance:com.w3schools.utils.Reports@cb0755b]" started-at="2023-08-18T11:05:23 IST" name="endReport" finished-at="2023-08-18T11:05:23 IST" duration-ms="296" status="PASS">
          <reporter-output>
          </reporter-output>
        </test-method> <!-- endReport -->
      </class> <!-- com.w3schools.utils.Reports -->
      <class name="com.w3schools.tests.LoginTest">
        <test-method signature="loginWithValidCredentials()[pri:0, instance:com.w3schools.tests.LoginTest@28261e8e]" started-at="2023-08-18T11:05:21 IST" name="loginWithValidCredentials" finished-at="2023-08-18T11:05:23 IST" duration-ms="2339" status="PASS">
          <reporter-output>
          </reporter-output>
        </test-method> <!-- loginWithValidCredentials -->
        <test-method is-config="true" signature="closeAllBrowsers()[pri:0, instance:com.w3schools.tests.LoginTest@28261e8e]" started-at="2023-08-18T11:05:23 IST" name="closeAllBrowsers" finished-at="2023-08-18T11:05:23 IST" duration-ms="2" status="PASS">
          <reporter-output>
          </reporter-output>
        </test-method> <!-- closeAllBrowsers -->
      </class> <!-- com.w3schools.tests.LoginTest -->
    </test> <!-- Test -->
  </suite> <!-- Suite -->
</testng-results>
