<?xml version="1.0" encoding="UTF-8"?>
<testng-results ignored="0" total="1" passed="1" failed="0" skipped="0">
  <reporter-output>
  </reporter-output>
  <suite started-at="2023-08-19T10:42:42 IST" name="Suite" finished-at="2023-08-19T10:43:05 IST" duration-ms="23311">
    <groups>
    </groups>
    <test started-at="2023-08-19T10:42:42 IST" name="Test" finished-at="2023-08-19T10:43:05 IST" duration-ms="23311">
      <class name="com.w3schools.utils.Reports">
        <test-method is-config="true" signature="startReport()[pri:0, instance:com.w3schools.utils.Reports@4be29ed9]" started-at="2023-08-19T10:42:41 IST" name="startReport" finished-at="2023-08-19T10:42:42 IST" duration-ms="758" status="PASS">
          <reporter-output>
          </reporter-output>
        </test-method> <!-- startReport -->
        <test-method is-config="true" signature="endReport()[pri:0, instance:com.w3schools.utils.Reports@4be29ed9]" started-at="2023-08-19T10:43:05 IST" name="endReport" finished-at="2023-08-19T10:43:06 IST" duration-ms="1150" status="PASS">
          <reporter-output>
          </reporter-output>
        </test-method> <!-- endReport -->
      </class> <!-- com.w3schools.utils.Reports -->
      <class name="com.w3schools.tests.LoginTest">
        <test-method signature="loginWithValidCredentials()[pri:0, instance:com.w3schools.tests.LoginTest@4a83a74a]" started-at="2023-08-19T10:42:42 IST" name="loginWithValidCredentials" finished-at="2023-08-19T10:43:05 IST" duration-ms="22956" status="PASS">
          <reporter-output>
          </reporter-output>
        </test-method> <!-- loginWithValidCredentials -->
        <test-method is-config="true" signature="closeAllBrowsers()[pri:0, instance:com.w3schools.tests.LoginTest@4a83a74a]" started-at="2023-08-19T10:43:05 IST" name="closeAllBrowsers" finished-at="2023-08-19T10:43:05 IST" duration-ms="289" status="PASS">
          <reporter-output>
          </reporter-output>
        </test-method> <!-- closeAllBrowsers -->
      </class> <!-- com.w3schools.tests.LoginTest -->
    </test> <!-- Test -->
  </suite> <!-- Suite -->
</testng-results>
